<?xml version="1.0" encoding="UTF-8"?>
<testsuite name="com.immortalcrab.cfdi.pipeline.FacturaRequestDTOTest" tests="1" skipped="0" failures="0" errors="0" timestamp="2022-11-24T04:18:53" hostname="LAPTOP-4RSVIK4C" time="0.123">
  <properties/>
  <testcase name="loadReqFromReader()" classname="com.immortalcrab.cfdi.pipeline.FacturaRequestDTOTest" time="0.123"/>
  <system-out><![CDATA[]]></system-out>
  <system-err><![CDATA[]]></system-err>
</testsuite>
